# JRE version: Java(TM) SE Runtime Environment (8.0_212-b10) (build 1.8.0_212-b10)
# Java VM: Java HotSpot(TM) 64-Bit Server VM (25.212-b10 mixed mode linux-aarch64 compressed oops)
Heap:
 PSYoungGen      total 276480K, used 162268K [0x0000000786780000, 0x00000007a4280000, 0x00000007c0000000)
  eden space 238592K, 52% used [0x0000000786780000,0x000000078e0f8848,0x0000000795080000)
  from space 37888K, 99% used [0x0000000795080000,0x000000079757eb08,0x0000000797580000)
  to   space 59392K, 0% used [0x00000007a0880000,0x00000007a0880000,0x00000007a4280000)
 ParOldGen       total 139776K, used 74081K [0x0000000713600000, 0x000000071be80000, 0x0000000786780000)
  object space 139776K, 53% used [0x0000000713600000,0x0000000717e58588,0x000000071be80000)
 Metaspace       used 55307K, capacity 56460K, committed 56536K, reserved 1097728K
  class space    used 7034K, capacity 7348K, committed 7424K, reserved 1048576K
GC Heap History (10 events):
Event: 1.874 GC heap before
{Heap before GC invocations=5 (full 1):
 PSYoungGen      total 97280K, used 90112K [0x0000000786780000, 0x0000000792580000, 0x00000007c0000000)
  eden space 90112K, 100% used [0x0000000786780000,0x000000078bf80000,0x000000078bf80000)
  from space 7168K, 0% used [0x000000078bf80000,0x000000078bf80000,0x000000078c680000)
  to   space 7168K, 0% used [0x0000000791e80000,0x0000000791e80000,0x0000000792580000)
 ParOldGen       total 90112K, used 14500K [0x0000000713600000, 0x0000000718e00000, 0x0000000786780000)
  object space 90112K, 16% used [0x0000000713600000,0x0000000714429218,0x0000000718e00000)
 Metaspace       used 33880K, capacity 34432K, committed 34688K, reserved 1079296K
  class space    used 4525K, capacity 4698K, committed 4736K, reserved 1048576K
Event: 1.888 GC heap after
Heap after GC invocations=5 (full 1):
 PSYoungGen      total 148480K, used 7136K [0x0000000786780000, 0x0000000792580000, 0x00000007c0000000)
  eden space 141312K, 0% used [0x0000000786780000,0x0000000786780000,0x000000078f180000)
  from space 7168K, 99% used [0x0000000791e80000,0x00000007925782a0,0x0000000792580000)
  to   space 7168K, 0% used [0x0000000791780000,0x0000000791780000,0x0000000791e80000)
 ParOldGen       total 90112K, used 29909K [0x0000000713600000, 0x0000000718e00000, 0x0000000786780000)
  object space 90112K, 33% used [0x0000000713600000,0x0000000715335438,0x0000000718e00000)
 Metaspace       used 33880K, capacity 34432K, committed 34688K, reserved 1079296K
  class space    used 4525K, capacity 4698K, committed 4736K, reserved 1048576K
}
Event: 1.920 GC heap before
{Heap before GC invocations=6 (full 1):
 PSYoungGen      total 148480K, used 12792K [0x0000000786780000, 0x0000000792580000, 0x00000007c0000000)
  eden space 141312K, 4% used [0x0000000786780000,0x0000000786d06038,0x000000078f180000)
  from space 7168K, 99% used [0x0000000791e80000,0x00000007925782a0,0x0000000792580000)
  to   space 7168K, 0% used [0x0000000791780000,0x0000000791780000,0x0000000791e80000)
 ParOldGen       total 90112K, used 29909K [0x0000000713600000, 0x0000000718e00000, 0x0000000786780000)
  object space 90112K, 33% used [0x0000000713600000,0x0000000715335438,0x0000000718e00000)
 Metaspace       used 34572K, capacity 35104K, committed 35416K, reserved 1079296K
  class space    used 4580K, capacity 4730K, committed 4736K, reserved 1048576K
Event: 1.933 GC heap after
Heap after GC invocations=6 (full 1):
 PSYoungGen      total 187392K, used 7150K [0x0000000786780000, 0x0000000798f80000, 0x00000007c0000000)
  eden space 180224K, 0% used [0x0000000786780000,0x0000000786780000,0x0000000791780000)
  from space 7168K, 99% used [0x0000000791780000,0x0000000791e7b9c0,0x0000000791e80000)
  to   space 26624K, 0% used [0x0000000797580000,0x0000000797580000,0x0000000798f80000)
 ParOldGen       total 90112K, used 30879K [0x0000000713600000, 0x0000000718e00000, 0x0000000786780000)
  object space 90112K, 34% used [0x0000000713600000,0x0000000715427ec8,0x0000000718e00000)
 Metaspace       used 34572K, capacity 35104K, committed 35416K, reserved 1079296K
  class space    used 4580K, capacity 4730K, committed 4736K, reserved 1048576K
}
Event: 1.933 GC heap before
{Heap before GC invocations=7 (full 2):
 PSYoungGen      total 187392K, used 7150K [0x0000000786780000, 0x0000000798f80000, 0x00000007c0000000)
  eden space 180224K, 0% used [0x0000000786780000,0x0000000786780000,0x0000000791780000)
  from space 7168K, 99% used [0x0000000791780000,0x0000000791e7b9c0,0x0000000791e80000)
  to   space 26624K, 0% used [0x0000000797580000,0x0000000797580000,0x0000000798f80000)
 ParOldGen       total 90112K, used 30879K [0x0000000713600000, 0x0000000718e00000, 0x0000000786780000)
  object space 90112K, 34% used [0x0000000713600000,0x0000000715427ec8,0x0000000718e00000)
 Metaspace       used 34572K, capacity 35104K, committed 35416K, reserved 1079296K
  class space    used 4580K, capacity 4730K, committed 4736K, reserved 1048576K
Event: 2.002 GC heap after
Heap after GC invocations=7 (full 2):
 PSYoungGen      total 187392K, used 0K [0x0000000786780000, 0x0000000798f80000, 0x00000007c0000000)
  eden space 180224K, 0% used [0x0000000786780000,0x0000000786780000,0x0000000791780000)
  from space 7168K, 0% used [0x0000000791780000,0x0000000791780000,0x0000000791e80000)
  to   space 26624K, 0% used [0x0000000797580000,0x0000000797580000,0x0000000798f80000)
 ParOldGen       total 139776K, used 35947K [0x0000000713600000, 0x000000071be80000, 0x0000000786780000)
  object space 139776K, 25% used [0x0000000713600000,0x000000071591afa8,0x000000071be80000)
 Metaspace       used 34572K, capacity 35104K, committed 35416K, reserved 1079296K
  class space    used 4580K, capacity 4730K, committed 4736K, reserved 1048576K
}
Event: 4.626 GC heap before
{Heap before GC invocations=8 (full 2):
 PSYoungGen      total 187392K, used 180224K [0x0000000786780000, 0x0000000798f80000, 0x00000007c0000000)
  eden space 180224K, 100% used [0x0000000786780000,0x0000000791780000,0x0000000791780000)
  from space 7168K, 0% used [0x0000000791780000,0x0000000791780000,0x0000000791e80000)
  to   space 26624K, 0% used [0x0000000797580000,0x0000000797580000,0x0000000798f80000)
 ParOldGen       total 139776K, used 35947K [0x0000000713600000, 0x000000071be80000, 0x0000000786780000)
  object space 139776K, 25% used [0x0000000713600000,0x000000071591afa8,0x000000071be80000)
 Metaspace       used 44019K, capacity 44756K, committed 45144K, reserved 1089536K
  class space    used 5713K, capacity 5914K, committed 6016K, reserved 1048576K
Event: 4.656 GC heap after
Heap after GC invocations=8 (full 2):
 PSYoungGen      total 265216K, used 26613K [0x0000000786780000, 0x000000079cb00000, 0x00000007c0000000)
  eden space 238592K, 0% used [0x0000000786780000,0x0000000786780000,0x0000000795080000)
  from space 26624K, 99% used [0x0000000797580000,0x0000000798f7d750,0x0000000798f80000)
  to   space 37888K, 0% used [0x0000000795080000,0x0000000795080000,0x0000000797580000)
 ParOldGen       total 139776K, used 46322K [0x0000000713600000, 0x000000071be80000, 0x0000000786780000)
  object space 139776K, 33% used [0x0000000713600000,0x000000071633c888,0x000000071be80000)
 Metaspace       used 44019K, capacity 44756K, committed 45144K, reserved 1089536K
  class space    used 5713K, capacity 5914K, committed 6016K, reserved 1048576K
}
Event: 7.874 GC heap before
{Heap before GC invocations=9 (full 2):
 PSYoungGen      total 265216K, used 265205K [0x0000000786780000, 0x000000079cb00000, 0x00000007c0000000)
  eden space 238592K, 100% used [0x0000000786780000,0x0000000795080000,0x0000000795080000)
  from space 26624K, 99% used [0x0000000797580000,0x0000000798f7d750,0x0000000798f80000)
  to   space 37888K, 0% used [0x0000000795080000,0x0000000795080000,0x0000000797580000)
 ParOldGen       total 139776K, used 46322K [0x0000000713600000, 0x000000071be80000, 0x0000000786780000)
  object space 139776K, 33% used [0x0000000713600000,0x000000071633c888,0x000000071be80000)
 Metaspace       used 54023K, capacity 55224K, committed 55512K, reserved 1097728K
  class space    used 6990K, capacity 7308K, committed 7424K, reserved 1048576K
Event: 7.918 GC heap after
Heap after GC invocations=9 (full 2):
 PSYoungGen      total 276480K, used 37882K [0x0000000786780000, 0x00000007a4280000, 0x00000007c0000000)
  eden space 238592K, 0% used [0x0000000786780000,0x0000000786780000,0x0000000795080000)
  from space 37888K, 99% used [0x0000000795080000,0x000000079757eb08,0x0000000797580000)
  to   space 59392K, 0% used [0x00000007a0880000,0x00000007a0880000,0x00000007a4280000)
 ParOldGen       total 139776K, used 74081K [0x0000000713600000, 0x000000071be80000, 0x0000000786780000)
  object space 139776K, 53% used [0x0000000713600000,0x0000000717e58588,0x000000071be80000)
 Metaspace       used 54023K, capacity 55224K, committed 55512K, reserved 1097728K
  class space    used 6990K, capacity 7308K, committed 7424K, reserved 1048576K
}

